<?xml version="1.0" encoding="UTF-8"?>
<robot generator="Robot 5.0.1 (Python 3.8.0 on win32)" generated="20221028 10:48:38.141" rpa="true" schemaversion="3">
<suite id="s1" name="Tee Time" source="C:\Users\jhkon\Desktop\Dev\python_projects\TeeTime_bot\tee_time.robot">
<test id="s1-t1" name="Programar una Hora" line="17">
<kw name="Navegar Por" library="keywords">
<arg>https://www.easycancha.com/login</arg>
<status status="PASS" starttime="20221028 10:48:40.518" endtime="20221028 10:48:43.644"/>
</kw>
<kw name="Ingresar" library="keywords">
<arg>email: ${email}</arg>
<status status="PASS" starttime="20221028 10:48:43.644" endtime="20221028 10:48:45.078"/>
</kw>
<kw name="Ingresar" library="keywords">
<arg>clave: ${pw}</arg>
<status status="PASS" starttime="20221028 10:48:45.078" endtime="20221028 10:48:46.461"/>
</kw>
<kw name="Apreton" library="keywords">
<arg>Login</arg>
<status status="PASS" starttime="20221028 10:48:46.462" endtime="20221028 10:48:47.214"/>
</kw>
<kw name="Apreton" library="keywords">
<arg>club brisas</arg>
<status status="PASS" starttime="20221028 10:48:47.214" endtime="20221028 10:48:48.259"/>
</kw>
<kw name="Apreton" library="keywords">
<arg>Golf</arg>
<status status="PASS" starttime="20221028 10:48:48.260" endtime="20221028 10:48:51.084"/>
</kw>
<kw name="Escoja" library="keywords">
<arg>hoy o manana?</arg>
<arg>${dia}</arg>
<status status="PASS" starttime="20221028 10:48:51.085" endtime="20221028 10:48:51.808"/>
</kw>
<kw name="Escoja" library="keywords">
<arg>la hora:</arg>
<arg>${hora}</arg>
<status status="PASS" starttime="20221028 10:48:51.809" endtime="20221028 10:48:52.733"/>
</kw>
<kw name="Apreton" library="keywords">
<arg>Siguiente</arg>
<status status="PASS" starttime="20221028 10:48:52.734" endtime="20221028 10:48:53.429"/>
</kw>
<kw name="Escoja" library="keywords">
<arg>montana o valle?</arg>
<arg>${zona}</arg>
<status status="PASS" starttime="20221028 10:48:53.430" endtime="20221028 10:48:54.171"/>
</kw>
<kw name="Apreton" library="keywords">
<arg>Agregar/Quitar jugadores</arg>
<status status="PASS" starttime="20221028 10:48:54.171" endtime="20221028 10:48:55.173"/>
</kw>
<kw name="Escoja" library="keywords">
<arg>2 jugadores</arg>
<status status="PASS" starttime="20221028 10:48:55.174" endtime="20221028 10:49:01.987"/>
</kw>
<kw name="Apreton" library="keywords">
<arg>Seleccionar</arg>
<status status="PASS" starttime="20221028 10:49:01.988" endtime="20221028 10:49:02.493"/>
</kw>
<kw name="Apreton" library="keywords">
<arg>Reservar y pagar mas tarde</arg>
<status status="PASS" starttime="20221028 10:49:02.494" endtime="20221028 10:49:03.222"/>
</kw>
<kw name="Close The Browser" library="keywords" type="TEARDOWN">
<status status="PASS" starttime="20221028 10:49:03.223" endtime="20221028 10:49:05.313"/>
</kw>
<status status="PASS" starttime="20221028 10:48:40.518" endtime="20221028 10:49:05.314"/>
</test>
<doc>Set a tee time.
Take care to leave at least 2 (or 4) spaces
between variables and their values.
E.g., "email_ _ myEmail@example.com"
or "dia_ _ _ _ manana"</doc>
<status status="PASS" starttime="20221028 10:48:38.142" endtime="20221028 10:49:05.316"/>
</suite>
<statistics>
<total>
<stat pass="1" fail="0" skip="0">All Tasks</stat>
</total>
<tag>
</tag>
<suite>
<stat pass="1" fail="0" skip="0" id="s1" name="Tee Time">Tee Time</stat>
</suite>
</statistics>
<errors>
</errors>
</robot>
